/home/dyh/spiders/p2pBlacklist/p2pBlacklist/spiders/wangdai.py:21: ScrapyDeprecationWarning: p2pBlacklist.spiders.wangdai.p2pBlacklist inherits from deprecated class scrapy.spider.BaseSpider, please inherit from scrapy.spider.Spider. (warning only on first subclass, there may be others)
  class p2pBlacklist(BaseSpider):
Traceback (most recent call last):
  File "/usr/local/bin/scrapy", line 11, in <module>
    sys.exit(execute())
  File "/usr/local/lib/python2.7/site-packages/scrapy/cmdline.py", line 143, in execute
    _run_print_help(parser, _run_command, cmd, args, opts)
  File "/usr/local/lib/python2.7/site-packages/scrapy/cmdline.py", line 89, in _run_print_help
    func(*a, **kw)
  File "/usr/local/lib/python2.7/site-packages/scrapy/cmdline.py", line 150, in _run_command
    cmd.run(args, opts)
  File "/usr/local/lib/python2.7/site-packages/scrapy/commands/crawl.py", line 60, in run
    self.crawler_process.start()
  File "/usr/local/lib/python2.7/site-packages/scrapy/crawler.py", line 92, in start
    if self.start_crawling():
  File "/usr/local/lib/python2.7/site-packages/scrapy/crawler.py", line 123, in start_crawling
    log.scrapy_info(self.settings)
  File "/usr/local/lib/python2.7/site-packages/scrapy/log.py", line 143, in scrapy_info
    sflo = start_from_settings(settings)
  File "/usr/local/lib/python2.7/site-packages/scrapy/log.py", line 140, in start_from_settings
    settings['LOG_ENCODING'], crawler)
  File "/usr/local/lib/python2.7/site-packages/scrapy/log.py", line 116, in start
    file = open(logfile, 'a') if logfile else sys.stderr
IOError: [Errno 2] No such file or directory: '/root/dyh/data/blacklist/log_dai_lian_meng'
/home/dyh/spiders/p2pBlacklist/p2pBlacklist/spiders/wangdai.py:21: ScrapyDeprecationWarning: p2pBlacklist.spiders.wangdai.p2pBlacklist inherits from deprecated class scrapy.spider.BaseSpider, please inherit from scrapy.spider.Spider. (warning only on first subclass, there may be others)
  class p2pBlacklist(BaseSpider):
Traceback (most recent call last):
  File "/usr/local/bin/scrapy", line 11, in <module>
    sys.exit(execute())
  File "/usr/local/lib/python2.7/site-packages/scrapy/cmdline.py", line 143, in execute
    _run_print_help(parser, _run_command, cmd, args, opts)
  File "/usr/local/lib/python2.7/site-packages/scrapy/cmdline.py", line 89, in _run_print_help
    func(*a, **kw)
  File "/usr/local/lib/python2.7/site-packages/scrapy/cmdline.py", line 150, in _run_command
    cmd.run(args, opts)
  File "/usr/local/lib/python2.7/site-packages/scrapy/commands/crawl.py", line 60, in run
    self.crawler_process.start()
  File "/usr/local/lib/python2.7/site-packages/scrapy/crawler.py", line 92, in start
    if self.start_crawling():
  File "/usr/local/lib/python2.7/site-packages/scrapy/crawler.py", line 123, in start_crawling
    log.scrapy_info(self.settings)
  File "/usr/local/lib/python2.7/site-packages/scrapy/log.py", line 143, in scrapy_info
    sflo = start_from_settings(settings)
  File "/usr/local/lib/python2.7/site-packages/scrapy/log.py", line 140, in start_from_settings
    settings['LOG_ENCODING'], crawler)
  File "/usr/local/lib/python2.7/site-packages/scrapy/log.py", line 116, in start
    file = open(logfile, 'a') if logfile else sys.stderr
IOError: [Errno 2] No such file or directory: '/root/dyh/data/blacklist/log_dai_lian_meng'
/home/dyh/spiders/p2pBlacklist/p2pBlacklist/spiders/wangdai.py:21: ScrapyDeprecationWarning: p2pBlacklist.spiders.wangdai.p2pBlacklist inherits from deprecated class scrapy.spider.BaseSpider, please inherit from scrapy.spider.Spider. (warning only on first subclass, there may be others)
  class p2pBlacklist(BaseSpider):
/home/dyh/spiders/p2pBlacklist/p2pBlacklist/spiders/wangdai.py:21: ScrapyDeprecationWarning: p2pBlacklist.spiders.wangdai.p2pBlacklist inherits from deprecated class scrapy.spider.BaseSpider, please inherit from scrapy.spider.Spider. (warning only on first subclass, there may be others)
  class p2pBlacklist(BaseSpider):
Traceback (most recent call last):
  File "/usr/local/bin/scrapy", line 11, in <module>
    sys.exit(execute())
  File "/usr/local/lib/python2.7/site-packages/scrapy/cmdline.py", line 143, in execute
    _run_print_help(parser, _run_command, cmd, args, opts)
  File "/usr/local/lib/python2.7/site-packages/scrapy/cmdline.py", line 89, in _run_print_help
    func(*a, **kw)
  File "/usr/local/lib/python2.7/site-packages/scrapy/cmdline.py", line 150, in _run_command
    cmd.run(args, opts)
  File "/usr/local/lib/python2.7/site-packages/scrapy/commands/crawl.py", line 58, in run
    spider = crawler.spiders.create(spname, **opts.spargs)
  File "/usr/local/lib/python2.7/site-packages/scrapy/spidermanager.py", line 44, in create
    raise KeyError("Spider not found: %s" % spider_name)
KeyError: 'Spider not found: dai_lian_meng_redis_spider:start_urls'
/home/dyh/spiders/p2pBlacklist/p2pBlacklist/spiders/wangdai.py:21: ScrapyDeprecationWarning: p2pBlacklist.spiders.wangdai.p2pBlacklist inherits from deprecated class scrapy.spider.BaseSpider, please inherit from scrapy.spider.Spider. (warning only on first subclass, there may be others)
  class p2pBlacklist(BaseSpider):
/home/dyh/spiders/p2pBlacklist/p2pBlacklist/spiders/wangdai.py:21: ScrapyDeprecationWarning: p2pBlacklist.spiders.wangdai.p2pBlacklist inherits from deprecated class scrapy.spider.BaseSpider, please inherit from scrapy.spider.Spider. (warning only on first subclass, there may be others)
  class p2pBlacklist(BaseSpider):
Traceback (most recent call last):
  File "/usr/local/bin/scrapy", line 11, in <module>
    sys.exit(execute())
  File "/usr/local/lib/python2.7/site-packages/scrapy/cmdline.py", line 143, in execute
    _run_print_help(parser, _run_command, cmd, args, opts)
  File "/usr/local/lib/python2.7/site-packages/scrapy/cmdline.py", line 89, in _run_print_help
    func(*a, **kw)
  File "/usr/local/lib/python2.7/site-packages/scrapy/cmdline.py", line 150, in _run_command
    cmd.run(args, opts)
  File "/usr/local/lib/python2.7/site-packages/scrapy/commands/crawl.py", line 58, in run
    spider = crawler.spiders.create(spname, **opts.spargs)
  File "/usr/local/lib/python2.7/site-packages/scrapy/spidermanager.py", line 48, in create
    return spcls(**spider_kwargs)
  File "/home/dyh/spiders/p2pBlacklist/p2pBlacklist/spiders/ppdaiScrapy.py", line 35, in __init__
    f = open(file_path, "r")
IOError: [Errno 2] No such file or directory: '/home/dyh/data/blacklist/        ppai_blacklist1/ppai_blacklist'
/home/dyh/spiders/p2pBlacklist/p2pBlacklist/spiders/wangdai.py:21: ScrapyDeprecationWarning: p2pBlacklist.spiders.wangdai.p2pBlacklist inherits from deprecated class scrapy.spider.BaseSpider, please inherit from scrapy.spider.Spider. (warning only on first subclass, there may be others)
  class p2pBlacklist(BaseSpider):
Traceback (most recent call last):
  File "/usr/local/bin/scrapy", line 11, in <module>
    sys.exit(execute())
  File "/usr/local/lib/python2.7/site-packages/scrapy/cmdline.py", line 143, in execute
    _run_print_help(parser, _run_command, cmd, args, opts)
  File "/usr/local/lib/python2.7/site-packages/scrapy/cmdline.py", line 89, in _run_print_help
    func(*a, **kw)
  File "/usr/local/lib/python2.7/site-packages/scrapy/cmdline.py", line 150, in _run_command
    cmd.run(args, opts)
  File "/usr/local/lib/python2.7/site-packages/scrapy/commands/crawl.py", line 58, in run
    spider = crawler.spiders.create(spname, **opts.spargs)
  File "/usr/local/lib/python2.7/site-packages/scrapy/spidermanager.py", line 48, in create
    return spcls(**spider_kwargs)
  File "/home/dyh/spiders/p2pBlacklist/p2pBlacklist/spiders/ppdaiScrapy.py", line 37, in __init__
    self.myRedis.sadd(self.dup_ppai_key,line.splite("\001")[8])
AttributeError: 'str' object has no attribute 'splite'
/home/dyh/spiders/p2pBlacklist/p2pBlacklist/spiders/wangdai.py:21: ScrapyDeprecationWarning: p2pBlacklist.spiders.wangdai.p2pBlacklist inherits from deprecated class scrapy.spider.BaseSpider, please inherit from scrapy.spider.Spider. (warning only on first subclass, there may be others)
  class p2pBlacklist(BaseSpider):
/home/dyh/spiders/p2pBlacklist/p2pBlacklist/spiders/wangdai.py:21: ScrapyDeprecationWarning: p2pBlacklist.spiders.wangdai.p2pBlacklist inherits from deprecated class scrapy.spider.BaseSpider, please inherit from scrapy.spider.Spider. (warning only on first subclass, there may be others)
  class p2pBlacklist(BaseSpider):
/home/dyh/spiders/p2pBlacklist/p2pBlacklist/spiders/wangdai.py:21: ScrapyDeprecationWarning: p2pBlacklist.spiders.wangdai.p2pBlacklist inherits from deprecated class scrapy.spider.BaseSpider, please inherit from scrapy.spider.Spider. (warning only on first subclass, there may be others)
  class p2pBlacklist(BaseSpider):
/home/dyh/spiders/p2pBlacklist/p2pBlacklist/spiders/wangdai.py:21: ScrapyDeprecationWarning: p2pBlacklist.spiders.wangdai.p2pBlacklist inherits from deprecated class scrapy.spider.BaseSpider, please inherit from scrapy.spider.Spider. (warning only on first subclass, there may be others)
  class p2pBlacklist(BaseSpider):
/home/dyh/spiders/p2pBlacklist/p2pBlacklist/spiders/wangdai.py:21: ScrapyDeprecationWarning: p2pBlacklist.spiders.wangdai.p2pBlacklist inherits from deprecated class scrapy.spider.BaseSpider, please inherit from scrapy.spider.Spider. (warning only on first subclass, there may be others)
  class p2pBlacklist(BaseSpider):
